# JRE version: Java(TM) SE Runtime Environment (8.0_144-b01) (build 1.8.0_144-b01)
# Java VM: Java HotSpot(TM) 64-Bit Server VM (25.144-b01 mixed mode windows-amd64 compressed oops)
Heap:
 PSYoungGen      total 550912K, used 25475K [0x00000000d6000000, 0x0000000100000000, 0x0000000100000000)
  eden space 495104K, 1% used [0x00000000d6000000,0x00000000d69a0cc0,0x00000000f4380000)
  from space 55808K, 27% used [0x00000000f4380000,0x00000000f52c0290,0x00000000f7a00000)
  to   space 53760K, 0% used [0x00000000fcb80000,0x00000000fcb80000,0x0000000100000000)
 ParOldGen       total 154624K, used 78427K [0x0000000082000000, 0x000000008b700000, 0x00000000d6000000)
  object space 154624K, 50% used [0x0000000082000000,0x0000000086c96fb8,0x000000008b700000)
 Metaspace       used 11257K, capacity 11484K, committed 11776K, reserved 1060864K
  class space    used 852K, capacity 898K, committed 1024K, reserved 1048576K
GC Heap History (10 events):
Event: 13.505 GC heap before
{Heap before GC invocations=6 (full 0):
 PSYoungGen      total 136192K, used 136188K [0x00000000d6000000, 0x00000000e8d00000, 0x0000000100000000)
  eden space 131072K, 100% used [0x00000000d6000000,0x00000000de000000,0x00000000de000000)
  from space 5120K, 99% used [0x00000000de000000,0x00000000de4ff2e0,0x00000000de500000)
  to   space 23040K, 0% used [0x00000000e7680000,0x00000000e7680000,0x00000000e8d00000)
 ParOldGen       total 86016K, used 35287K [0x0000000082000000, 0x0000000087400000, 0x00000000d6000000)
  object space 86016K, 41% used [0x0000000082000000,0x0000000084275cd8,0x0000000087400000)
 Metaspace       used 11205K, capacity 11414K, committed 11776K, reserved 1060864K
  class space    used 852K, capacity 897K, committed 1024K, reserved 1048576K
Event: 16.511 GC heap after
Heap after GC invocations=6 (full 0):
 PSYoungGen      total 284672K, used 16220K [0x00000000d6000000, 0x00000000e8e00000, 0x0000000100000000)
  eden space 261632K, 0% used [0x00000000d6000000,0x00000000d6000000,0x00000000e5f80000)
  from space 23040K, 70% used [0x00000000e7680000,0x00000000e86572e0,0x00000000e8d00000)
  to   space 23552K, 0% used [0x00000000e5f80000,0x00000000e5f80000,0x00000000e7680000)
 ParOldGen       total 86016K, used 35287K [0x0000000082000000, 0x0000000087400000, 0x00000000d6000000)
  object space 86016K, 41% used [0x0000000082000000,0x0000000084275cd8,0x0000000087400000)
 Metaspace       used 11205K, capacity 11414K, committed 11776K, reserved 1060864K
  class space    used 852K, capacity 897K, committed 1024K, reserved 1048576K
}
Event: 24.662 GC heap before
{Heap before GC invocations=7 (full 0):
 PSYoungGen      total 284672K, used 277852K [0x00000000d6000000, 0x00000000e8e00000, 0x0000000100000000)
  eden space 261632K, 100% used [0x00000000d6000000,0x00000000e5f80000,0x00000000e5f80000)
  from space 23040K, 70% used [0x00000000e7680000,0x00000000e86572e0,0x00000000e8d00000)
  to   space 23552K, 0% used [0x00000000e5f80000,0x00000000e5f80000,0x00000000e7680000)
 ParOldGen       total 86016K, used 35287K [0x0000000082000000, 0x0000000087400000, 0x00000000d6000000)
  object space 86016K, 41% used [0x0000000082000000,0x0000000084275cd8,0x0000000087400000)
 Metaspace       used 11216K, capacity 11414K, committed 11776K, reserved 1060864K
  class space    used 852K, capacity 897K, committed 1024K, reserved 1048576K
Event: 26.210 GC heap after
Heap after GC invocations=7 (full 0):
 PSYoungGen      total 285184K, used 23533K [0x00000000d6000000, 0x00000000f9500000, 0x0000000100000000)
  eden space 261632K, 0% used [0x00000000d6000000,0x00000000d6000000,0x00000000e5f80000)
  from space 23552K, 99% used [0x00000000e5f80000,0x00000000e767b7a8,0x00000000e7680000)
  to   space 27648K, 0% used [0x00000000f7a00000,0x00000000f7a00000,0x00000000f9500000)
 ParOldGen       total 86016K, used 39246K [0x0000000082000000, 0x0000000087400000, 0x00000000d6000000)
  object space 86016K, 45% used [0x0000000082000000,0x0000000084653810,0x0000000087400000)
 Metaspace       used 11216K, capacity 11414K, committed 11776K, reserved 1060864K
  class space    used 852K, capacity 897K, committed 1024K, reserved 1048576K
}
Event: 32.926 GC heap before
{Heap before GC invocations=8 (full 0):
 PSYoungGen      total 285184K, used 285165K [0x00000000d6000000, 0x00000000f9500000, 0x0000000100000000)
  eden space 261632K, 100% used [0x00000000d6000000,0x00000000e5f80000,0x00000000e5f80000)
  from space 23552K, 99% used [0x00000000e5f80000,0x00000000e767b7a8,0x00000000e7680000)
  to   space 27648K, 0% used [0x00000000f7a00000,0x00000000f7a00000,0x00000000f9500000)
 ParOldGen       total 86016K, used 39246K [0x0000000082000000, 0x0000000087400000, 0x00000000d6000000)
  object space 86016K, 45% used [0x0000000082000000,0x0000000084653810,0x0000000087400000)
 Metaspace       used 11220K, capacity 11478K, committed 11776K, reserved 1060864K
  class space    used 852K, capacity 897K, committed 1024K, reserved 1048576K
Event: 33.624 GC heap after
Heap after GC invocations=8 (full 0):
 PSYoungGen      total 522752K, used 27629K [0x00000000d6000000, 0x00000000fcc00000, 0x0000000100000000)
  eden space 495104K, 0% used [0x00000000d6000000,0x00000000d6000000,0x00000000f4380000)
  from space 27648K, 99% used [0x00000000f7a00000,0x00000000f94fb7a8,0x00000000f9500000)
  to   space 55808K, 0% used [0x00000000f4380000,0x00000000f4380000,0x00000000f7a00000)
 ParOldGen       total 95232K, used 94610K [0x0000000082000000, 0x0000000087d00000, 0x00000000d6000000)
  object space 95232K, 99% used [0x0000000082000000,0x0000000087c64968,0x0000000087d00000)
 Metaspace       used 11220K, capacity 11478K, committed 11776K, reserved 1060864K
  class space    used 852K, capacity 897K, committed 1024K, reserved 1048576K
}
Event: 33.625 GC heap before
{Heap before GC invocations=9 (full 1):
 PSYoungGen      total 522752K, used 27629K [0x00000000d6000000, 0x00000000fcc00000, 0x0000000100000000)
  eden space 495104K, 0% used [0x00000000d6000000,0x00000000d6000000,0x00000000f4380000)
  from space 27648K, 99% used [0x00000000f7a00000,0x00000000f94fb7a8,0x00000000f9500000)
  to   space 55808K, 0% used [0x00000000f4380000,0x00000000f4380000,0x00000000f7a00000)
 ParOldGen       total 95232K, used 94610K [0x0000000082000000, 0x0000000087d00000, 0x00000000d6000000)
  object space 95232K, 99% used [0x0000000082000000,0x0000000087c64968,0x0000000087d00000)
 Metaspace       used 11220K, capacity 11478K, committed 11776K, reserved 1060864K
  class space    used 852K, capacity 897K, committed 1024K, reserved 1048576K
Event: 36.433 GC heap after
Heap after GC invocations=9 (full 1):
 PSYoungGen      total 522752K, used 0K [0x00000000d6000000, 0x00000000fcc00000, 0x0000000100000000)
  eden space 495104K, 0% used [0x00000000d6000000,0x00000000d6000000,0x00000000f4380000)
  from space 27648K, 0% used [0x00000000f7a00000,0x00000000f7a00000,0x00000000f9500000)
  to   space 55808K, 0% used [0x00000000f4380000,0x00000000f4380000,0x00000000f7a00000)
 ParOldGen       total 154624K, used 78427K [0x0000000082000000, 0x000000008b700000, 0x00000000d6000000)
  object space 154624K, 50% used [0x0000000082000000,0x0000000086c96fb8,0x000000008b700000)
 Metaspace       used 11220K, capacity 11478K, committed 11776K, reserved 1060864K
  class space    used 852K, capacity 897K, committed 1024K, reserved 1048576K
}
Event: 44.548 GC heap before
{Heap before GC invocations=10 (full 1):
 PSYoungGen      total 522752K, used 495104K [0x00000000d6000000, 0x00000000fcc00000, 0x0000000100000000)
  eden space 495104K, 100% used [0x00000000d6000000,0x00000000f4380000,0x00000000f4380000)
  from space 27648K, 0% used [0x00000000f7a00000,0x00000000f7a00000,0x00000000f9500000)
  to   space 55808K, 0% used [0x00000000f4380000,0x00000000f4380000,0x00000000f7a00000)
 ParOldGen       total 154624K, used 78427K [0x0000000082000000, 0x000000008b700000, 0x00000000d6000000)
  object space 154624K, 50% used [0x0000000082000000,0x0000000086c96fb8,0x000000008b700000)
 Metaspace       used 11257K, capacity 11484K, committed 11776K, reserved 1060864K
  class space    used 852K, capacity 898K, committed 1024K, reserved 1048576K
Event: 46.809 GC heap after
Heap after GC invocations=10 (full 1):
 PSYoungGen      total 550912K, used 15616K [0x00000000d6000000, 0x0000000100000000, 0x0000000100000000)
  eden space 495104K, 0% used [0x00000000d6000000,0x00000000d6000000,0x00000000f4380000)
  from space 55808K, 27% used [0x00000000f4380000,0x00000000f52c0290,0x00000000f7a00000)
  to   space 53760K, 0% used [0x00000000fcb80000,0x00000000fcb80000,0x0000000100000000)
 ParOldGen       total 154624K, used 78427K [0x0000000082000000, 0x000000008b700000, 0x00000000d6000000)
  object space 154624K, 50% used [0x0000000082000000,0x0000000086c96fb8,0x000000008b700000)
 Metaspace       used 11257K, capacity 11484K, committed 11776K, reserved 1060864K
  class space    used 852K, capacity 898K, committed 1024K, reserved 1048576K
}

