# JRE version: Java(TM) SE Runtime Environment (8.0_144-b01) (build 1.8.0_144-b01)
# Java VM: Java HotSpot(TM) 64-Bit Server VM (25.144-b01 mixed mode windows-amd64 compressed oops)
Heap:
 PSYoungGen      total 282112K, used 244191K [0x00000000d6000000, 0x00000000fa600000, 0x0000000100000000)
  eden space 261632K, 85% used [0x00000000d6000000,0x00000000e3a7a5e8,0x00000000e5f80000)
  from space 20480K, 99% used [0x00000000e5f80000,0x00000000e737d878,0x00000000e7380000)
  to   space 36352K, 0% used [0x00000000f8280000,0x00000000f8280000,0x00000000fa600000)
 ParOldGen       total 86016K, used 47762K [0x0000000082000000, 0x0000000087400000, 0x00000000d6000000)
  object space 86016K, 55% used [0x0000000082000000,0x0000000084ea49c0,0x0000000087400000)
 Metaspace       used 11417K, capacity 11612K, committed 12032K, reserved 1060864K
  class space    used 852K, capacity 898K, committed 1024K, reserved 1048576K
GC Heap History (10 events):
Event: 9.103 GC heap before
{Heap before GC invocations=3 (full 0):
 PSYoungGen      total 70656K, used 70646K [0x00000000d6000000, 0x00000000daa00000, 0x0000000100000000)
  eden space 65536K, 100% used [0x00000000d6000000,0x00000000da000000,0x00000000da000000)
  from space 5120K, 99% used [0x00000000da500000,0x00000000da9fdb58,0x00000000daa00000)
  to   space 5120K, 0% used [0x00000000da000000,0x00000000da000000,0x00000000da500000)
 ParOldGen       total 86016K, used 20126K [0x0000000082000000, 0x0000000087400000, 0x00000000d6000000)
  object space 86016K, 23% used [0x0000000082000000,0x00000000833a78b8,0x0000000087400000)
 Metaspace       used 9910K, capacity 10156K, committed 10368K, reserved 1058816K
  class space    used 812K, capacity 862K, committed 896K, reserved 1048576K
Event: 11.042 GC heap after
Heap after GC invocations=3 (full 0):
 PSYoungGen      total 70656K, used 5112K [0x00000000d6000000, 0x00000000dea00000, 0x0000000100000000)
  eden space 65536K, 0% used [0x00000000d6000000,0x00000000d6000000,0x00000000da000000)
  from space 5120K, 99% used [0x00000000da000000,0x00000000da4fe140,0x00000000da500000)
  to   space 5120K, 0% used [0x00000000de500000,0x00000000de500000,0x00000000dea00000)
 ParOldGen       total 86016K, used 22018K [0x0000000082000000, 0x0000000087400000, 0x00000000d6000000)
  object space 86016K, 25% used [0x0000000082000000,0x0000000083580a38,0x0000000087400000)
 Metaspace       used 9910K, capacity 10156K, committed 10368K, reserved 1058816K
  class space    used 812K, capacity 862K, committed 896K, reserved 1048576K
}
Event: 12.076 GC heap before
{Heap before GC invocations=4 (full 0):
 PSYoungGen      total 70656K, used 70648K [0x00000000d6000000, 0x00000000dea00000, 0x0000000100000000)
  eden space 65536K, 100% used [0x00000000d6000000,0x00000000da000000,0x00000000da000000)
  from space 5120K, 99% used [0x00000000da000000,0x00000000da4fe140,0x00000000da500000)
  to   space 5120K, 0% used [0x00000000de500000,0x00000000de500000,0x00000000dea00000)
 ParOldGen       total 86016K, used 22018K [0x0000000082000000, 0x0000000087400000, 0x00000000d6000000)
  object space 86016K, 25% used [0x0000000082000000,0x0000000083580a38,0x0000000087400000)
 Metaspace       used 10813K, capacity 11082K, committed 11136K, reserved 1058816K
  class space    used 835K, capacity 895K, committed 896K, reserved 1048576K
Event: 12.191 GC heap after
Heap after GC invocations=4 (full 0):
 PSYoungGen      total 136192K, used 5112K [0x00000000d6000000, 0x00000000dea00000, 0x0000000100000000)
  eden space 131072K, 0% used [0x00000000d6000000,0x00000000d6000000,0x00000000de000000)
  from space 5120K, 99% used [0x00000000de500000,0x00000000de9fe140,0x00000000dea00000)
  to   space 5120K, 0% used [0x00000000de000000,0x00000000de000000,0x00000000de500000)
 ParOldGen       total 86016K, used 22847K [0x0000000082000000, 0x0000000087400000, 0x00000000d6000000)
  object space 86016K, 26% used [0x0000000082000000,0x000000008364ffe0,0x0000000087400000)
 Metaspace       used 10813K, capacity 11082K, committed 11136K, reserved 1058816K
  class space    used 835K, capacity 895K, committed 896K, reserved 1048576K
}
Event: 17.863 GC heap before
{Heap before GC invocations=5 (full 0):
 PSYoungGen      total 136192K, used 136184K [0x00000000d6000000, 0x00000000dea00000, 0x0000000100000000)
  eden space 131072K, 100% used [0x00000000d6000000,0x00000000de000000,0x00000000de000000)
  from space 5120K, 99% used [0x00000000de500000,0x00000000de9fe140,0x00000000dea00000)
  to   space 5120K, 0% used [0x00000000de000000,0x00000000de000000,0x00000000de500000)
 ParOldGen       total 86016K, used 22847K [0x0000000082000000, 0x0000000087400000, 0x00000000d6000000)
  object space 86016K, 26% used [0x0000000082000000,0x000000008364ffe0,0x0000000087400000)
 Metaspace       used 11217K, capacity 11414K, committed 11776K, reserved 1060864K
  class space    used 852K, capacity 897K, committed 1024K, reserved 1048576K
Event: 20.970 GC heap after
Heap after GC invocations=5 (full 0):
 PSYoungGen      total 136192K, used 5100K [0x00000000d6000000, 0x00000000e8700000, 0x0000000100000000)
  eden space 131072K, 0% used [0x00000000d6000000,0x00000000d6000000,0x00000000de000000)
  from space 5120K, 99% used [0x00000000de000000,0x00000000de4fb3d0,0x00000000de500000)
  to   space 19968K, 0% used [0x00000000e7380000,0x00000000e7380000,0x00000000e8700000)
 ParOldGen       total 86016K, used 23972K [0x0000000082000000, 0x0000000087400000, 0x00000000d6000000)
  object space 86016K, 27% used [0x0000000082000000,0x00000000837690b8,0x0000000087400000)
 Metaspace       used 11217K, capacity 11414K, committed 11776K, reserved 1060864K
  class space    used 852K, capacity 897K, committed 1024K, reserved 1048576K
}
Event: 23.428 GC heap before
{Heap before GC invocations=6 (full 0):
 PSYoungGen      total 136192K, used 136172K [0x00000000d6000000, 0x00000000e8700000, 0x0000000100000000)
  eden space 131072K, 100% used [0x00000000d6000000,0x00000000de000000,0x00000000de000000)
  from space 5120K, 99% used [0x00000000de000000,0x00000000de4fb3d0,0x00000000de500000)
  to   space 19968K, 0% used [0x00000000e7380000,0x00000000e7380000,0x00000000e8700000)
 ParOldGen       total 86016K, used 23972K [0x0000000082000000, 0x0000000087400000, 0x00000000d6000000)
  object space 86016K, 27% used [0x0000000082000000,0x00000000837690b8,0x0000000087400000)
 Metaspace       used 11262K, capacity 11478K, committed 11776K, reserved 1060864K
  class space    used 852K, capacity 897K, committed 1024K, reserved 1048576K
Event: 24.046 GC heap after
Heap after GC invocations=6 (full 0):
 PSYoungGen      total 281600K, used 14188K [0x00000000d6000000, 0x00000000e8800000, 0x0000000100000000)
  eden space 261632K, 0% used [0x00000000d6000000,0x00000000d6000000,0x00000000e5f80000)
  from space 19968K, 71% used [0x00000000e7380000,0x00000000e815b3d0,0x00000000e8700000)
  to   space 20480K, 0% used [0x00000000e5f80000,0x00000000e5f80000,0x00000000e7380000)
 ParOldGen       total 86016K, used 23972K [0x0000000082000000, 0x0000000087400000, 0x00000000d6000000)
  object space 86016K, 27% used [0x0000000082000000,0x00000000837690b8,0x0000000087400000)
 Metaspace       used 11262K, capacity 11478K, committed 11776K, reserved 1060864K
  class space    used 852K, capacity 897K, committed 1024K, reserved 1048576K
}
Event: 27.544 GC heap before
{Heap before GC invocations=7 (full 0):
 PSYoungGen      total 281600K, used 275820K [0x00000000d6000000, 0x00000000e8800000, 0x0000000100000000)
  eden space 261632K, 100% used [0x00000000d6000000,0x00000000e5f80000,0x00000000e5f80000)
  from space 19968K, 71% used [0x00000000e7380000,0x00000000e815b3d0,0x00000000e8700000)
  to   space 20480K, 0% used [0x00000000e5f80000,0x00000000e5f80000,0x00000000e7380000)
 ParOldGen       total 86016K, used 23972K [0x0000000082000000, 0x0000000087400000, 0x00000000d6000000)
  object space 86016K, 27% used [0x0000000082000000,0x00000000837690b8,0x0000000087400000)
 Metaspace       used 11282K, capacity 11542K, committed 11776K, reserved 1060864K
  class space    used 852K, capacity 897K, committed 1024K, reserved 1048576K
Event: 28.290 GC heap after
Heap after GC invocations=7 (full 0):
 PSYoungGen      total 282112K, used 20470K [0x00000000d6000000, 0x00000000fa600000, 0x0000000100000000)
  eden space 261632K, 0% used [0x00000000d6000000,0x00000000d6000000,0x00000000e5f80000)
  from space 20480K, 99% used [0x00000000e5f80000,0x00000000e737d878,0x00000000e7380000)
  to   space 36352K, 0% used [0x00000000f8280000,0x00000000f8280000,0x00000000fa600000)
 ParOldGen       total 86016K, used 47762K [0x0000000082000000, 0x0000000087400000, 0x00000000d6000000)
  object space 86016K, 55% used [0x0000000082000000,0x0000000084ea49c0,0x0000000087400000)
 Metaspace       used 11282K, capacity 11542K, committed 11776K, reserved 1060864K
  class space    used 852K, capacity 897K, committed 1024K, reserved 1048576K
}

