# JRE version: Java(TM) SE Runtime Environment (8.0_144-b01) (build 1.8.0_144-b01)
# Java VM: Java HotSpot(TM) 64-Bit Server VM (25.144-b01 mixed mode windows-amd64 compressed oops)
Heap:
 PSYoungGen      total 283648K, used 99591K [0x00000000d6000000, 0x00000000e8a00000, 0x0000000100000000)
  eden space 262144K, 29% used [0x00000000d6000000,0x00000000dac445a8,0x00000000e6000000)
  from space 21504K, 99% used [0x00000000e6000000,0x00000000e74fd878,0x00000000e7500000)
  to   space 21504K, 0% used [0x00000000e7500000,0x00000000e7500000,0x00000000e8a00000)
 ParOldGen       total 86016K, used 46851K [0x0000000082000000, 0x0000000087400000, 0x00000000d6000000)
  object space 86016K, 54% used [0x0000000082000000,0x0000000084dc0c38,0x0000000087400000)
 Metaspace       used 11316K, capacity 11542K, committed 11776K, reserved 1060864K
  class space    used 851K, capacity 897K, committed 1024K, reserved 1048576K
GC Heap History (10 events):
Event: 7.242 GC heap before
{Heap before GC invocations=2 (full 0):
 PSYoungGen      total 37888K, used 37233K [0x00000000d6000000, 0x00000000daa00000, 0x0000000100000000)
  eden space 32768K, 98% used [0x00000000d6000000,0x00000000d7f5e1c8,0x00000000d8000000)
  from space 5120K, 99% used [0x00000000d8000000,0x00000000d84fe290,0x00000000d8500000)
  to   space 5120K, 0% used [0x00000000da500000,0x00000000da500000,0x00000000daa00000)
 ParOldGen       total 86016K, used 8070K [0x0000000082000000, 0x0000000087400000, 0x00000000d6000000)
  object space 86016K, 9% used [0x0000000082000000,0x00000000827e1990,0x0000000087400000)
 Metaspace       used 6772K, capacity 7040K, committed 7168K, reserved 1056768K
  class space    used 675K, capacity 692K, committed 768K, reserved 1048576K
Event: 14.059 GC heap after
Heap after GC invocations=2 (full 0):
 PSYoungGen      total 70656K, used 5102K [0x00000000d6000000, 0x00000000daa00000, 0x0000000100000000)
  eden space 65536K, 0% used [0x00000000d6000000,0x00000000d6000000,0x00000000da000000)
  from space 5120K, 99% used [0x00000000da500000,0x00000000da9fbb38,0x00000000daa00000)
  to   space 5120K, 0% used [0x00000000da000000,0x00000000da000000,0x00000000da500000)
 ParOldGen       total 86016K, used 20176K [0x0000000082000000, 0x0000000087400000, 0x00000000d6000000)
  object space 86016K, 23% used [0x0000000082000000,0x00000000833b4090,0x0000000087400000)
 Metaspace       used 6772K, capacity 7040K, committed 7168K, reserved 1056768K
  class space    used 675K, capacity 692K, committed 768K, reserved 1048576K
}
Event: 47.593 GC heap before
{Heap before GC invocations=3 (full 0):
 PSYoungGen      total 70656K, used 70638K [0x00000000d6000000, 0x00000000daa00000, 0x0000000100000000)
  eden space 65536K, 100% used [0x00000000d6000000,0x00000000da000000,0x00000000da000000)
  from space 5120K, 99% used [0x00000000da500000,0x00000000da9fbb38,0x00000000daa00000)
  to   space 5120K, 0% used [0x00000000da000000,0x00000000da000000,0x00000000da500000)
 ParOldGen       total 86016K, used 20176K [0x0000000082000000, 0x0000000087400000, 0x00000000d6000000)
  object space 86016K, 23% used [0x0000000082000000,0x00000000833b4090,0x0000000087400000)
 Metaspace       used 9912K, capacity 10156K, committed 10368K, reserved 1058816K
  class space    used 811K, capacity 862K, committed 896K, reserved 1048576K
Event: 59.664 GC heap after
Heap after GC invocations=3 (full 0):
 PSYoungGen      total 70656K, used 5102K [0x00000000d6000000, 0x00000000dea00000, 0x0000000100000000)
  eden space 65536K, 0% used [0x00000000d6000000,0x00000000d6000000,0x00000000da000000)
  from space 5120K, 99% used [0x00000000da000000,0x00000000da4fbb38,0x00000000da500000)
  to   space 5120K, 0% used [0x00000000de500000,0x00000000de500000,0x00000000dea00000)
 ParOldGen       total 86016K, used 22121K [0x0000000082000000, 0x0000000087400000, 0x00000000d6000000)
  object space 86016K, 25% used [0x0000000082000000,0x000000008359a478,0x0000000087400000)
 Metaspace       used 9912K, capacity 10156K, committed 10368K, reserved 1058816K
  class space    used 811K, capacity 862K, committed 896K, reserved 1048576K
}
Event: 89.325 GC heap before
{Heap before GC invocations=4 (full 0):
 PSYoungGen      total 70656K, used 70638K [0x00000000d6000000, 0x00000000dea00000, 0x0000000100000000)
  eden space 65536K, 100% used [0x00000000d6000000,0x00000000da000000,0x00000000da000000)
  from space 5120K, 99% used [0x00000000da000000,0x00000000da4fbb38,0x00000000da500000)
  to   space 5120K, 0% used [0x00000000de500000,0x00000000de500000,0x00000000dea00000)
 ParOldGen       total 86016K, used 22121K [0x0000000082000000, 0x0000000087400000, 0x00000000d6000000)
  object space 86016K, 25% used [0x0000000082000000,0x000000008359a478,0x0000000087400000)
 Metaspace       used 10819K, capacity 11082K, committed 11136K, reserved 1058816K
  class space    used 834K, capacity 895K, committed 896K, reserved 1048576K
Event: 91.102 GC heap after
Heap after GC invocations=4 (full 0):
 PSYoungGen      total 136192K, used 5102K [0x00000000d6000000, 0x00000000dea00000, 0x0000000100000000)
  eden space 131072K, 0% used [0x00000000d6000000,0x00000000d6000000,0x00000000de000000)
  from space 5120K, 99% used [0x00000000de500000,0x00000000de9fbb38,0x00000000dea00000)
  to   space 5120K, 0% used [0x00000000de000000,0x00000000de000000,0x00000000de500000)
 ParOldGen       total 86016K, used 22868K [0x0000000082000000, 0x0000000087400000, 0x00000000d6000000)
  object space 86016K, 26% used [0x0000000082000000,0x0000000083655058,0x0000000087400000)
 Metaspace       used 10819K, capacity 11082K, committed 11136K, reserved 1058816K
  class space    used 834K, capacity 895K, committed 896K, reserved 1048576K
}
Event: 110.402 GC heap before
{Heap before GC invocations=5 (full 0):
 PSYoungGen      total 136192K, used 136174K [0x00000000d6000000, 0x00000000dea00000, 0x0000000100000000)
  eden space 131072K, 100% used [0x00000000d6000000,0x00000000de000000,0x00000000de000000)
  from space 5120K, 99% used [0x00000000de500000,0x00000000de9fbb38,0x00000000dea00000)
  to   space 5120K, 0% used [0x00000000de000000,0x00000000de000000,0x00000000de500000)
 ParOldGen       total 86016K, used 22868K [0x0000000082000000, 0x0000000087400000, 0x00000000d6000000)
  object space 86016K, 26% used [0x0000000082000000,0x0000000083655058,0x0000000087400000)
 Metaspace       used 11242K, capacity 11478K, committed 11776K, reserved 1060864K
  class space    used 851K, capacity 897K, committed 1024K, reserved 1048576K
Event: 114.328 GC heap after
Heap after GC invocations=5 (full 0):
 PSYoungGen      total 136192K, used 5119K [0x00000000d6000000, 0x00000000e8a00000, 0x0000000100000000)
  eden space 131072K, 0% used [0x00000000d6000000,0x00000000d6000000,0x00000000de000000)
  from space 5120K, 99% used [0x00000000de000000,0x00000000de4ffe20,0x00000000de500000)
  to   space 21504K, 0% used [0x00000000e7500000,0x00000000e7500000,0x00000000e8a00000)
 ParOldGen       total 86016K, used 33061K [0x0000000082000000, 0x0000000087400000, 0x00000000d6000000)
  object space 86016K, 38% used [0x0000000082000000,0x00000000840497a8,0x0000000087400000)
 Metaspace       used 11242K, capacity 11478K, committed 11776K, reserved 1060864K
  class space    used 851K, capacity 897K, committed 1024K, reserved 1048576K
}
Event: 123.910 GC heap before
{Heap before GC invocations=6 (full 0):
 PSYoungGen      total 136192K, used 136191K [0x00000000d6000000, 0x00000000e8a00000, 0x0000000100000000)
  eden space 131072K, 100% used [0x00000000d6000000,0x00000000de000000,0x00000000de000000)
  from space 5120K, 99% used [0x00000000de000000,0x00000000de4ffe20,0x00000000de500000)
  to   space 21504K, 0% used [0x00000000e7500000,0x00000000e7500000,0x00000000e8a00000)
 ParOldGen       total 86016K, used 33061K [0x0000000082000000, 0x0000000087400000, 0x00000000d6000000)
  object space 86016K, 38% used [0x0000000082000000,0x00000000840497a8,0x0000000087400000)
 Metaspace       used 11276K, capacity 11478K, committed 11776K, reserved 1060864K
  class space    used 851K, capacity 897K, committed 1024K, reserved 1048576K
Event: 129.348 GC heap after
Heap after GC invocations=6 (full 0):
 PSYoungGen      total 283648K, used 14367K [0x00000000d6000000, 0x00000000e8a00000, 0x0000000100000000)
  eden space 262144K, 0% used [0x00000000d6000000,0x00000000d6000000,0x00000000e6000000)
  from space 21504K, 66% used [0x00000000e7500000,0x00000000e8307e20,0x00000000e8a00000)
  to   space 21504K, 0% used [0x00000000e6000000,0x00000000e6000000,0x00000000e7500000)
 ParOldGen       total 86016K, used 33061K [0x0000000082000000, 0x0000000087400000, 0x00000000d6000000)
  object space 86016K, 38% used [0x0000000082000000,0x00000000840497a8,0x0000000087400000)
 Metaspace       used 11276K, capacity 11478K, committed 11776K, reserved 1060864K
  class space    used 851K, capacity 897K, committed 1024K, reserved 1048576K
}

