# JRE version: Java(TM) SE Runtime Environment (8.0_144-b01) (build 1.8.0_144-b01)
# Java VM: Java HotSpot(TM) 64-Bit Server VM (25.144-b01 mixed mode windows-amd64 compressed oops)
Heap:
 PSYoungGen      total 633856K, used 586103K [0x00000000d6000000, 0x00000000ffb80000, 0x0000000100000000)
  eden space 592384K, 97% used [0x00000000d6000000,0x00000000f968f280,0x00000000fa280000)
  from space 41472K, 14% used [0x00000000fd300000,0x00000000fd8ced10,0x00000000ffb80000)
  to   space 45568K, 0% used [0x00000000fa280000,0x00000000fa280000,0x00000000fcf00000)
 ParOldGen       total 139264K, used 79999K [0x0000000082000000, 0x000000008a800000, 0x00000000d6000000)
  object space 139264K, 57% used [0x0000000082000000,0x0000000086e1fd60,0x000000008a800000)
 Metaspace       used 11575K, capacity 11804K, committed 12032K, reserved 1060864K
  class space    used 852K, capacity 898K, committed 1024K, reserved 1048576K
GC Heap History (10 events):
Event: 31.625 GC heap before
{Heap before GC invocations=9 (full 0):
 PSYoungGen      total 285184K, used 270262K [0x00000000d6000000, 0x00000000e8e00000, 0x0000000100000000)
  eden space 262144K, 100% used [0x00000000d6000000,0x00000000e6000000,0x00000000e6000000)
  from space 23040K, 35% used [0x00000000e7780000,0x00000000e7f6db48,0x00000000e8e00000)
  to   space 23552K, 0% used [0x00000000e6000000,0x00000000e6000000,0x00000000e7700000)
 ParOldGen       total 86016K, used 27737K [0x0000000082000000, 0x0000000087400000, 0x00000000d6000000)
  object space 86016K, 32% used [0x0000000082000000,0x0000000083b16538,0x0000000087400000)
 Metaspace       used 11256K, capacity 11478K, committed 11776K, reserved 1060864K
  class space    used 851K, capacity 897K, committed 1024K, reserved 1048576K
Event: 31.986 GC heap after
Heap after GC invocations=9 (full 0):
 PSYoungGen      total 285696K, used 23552K [0x00000000d6000000, 0x00000000f3400000, 0x0000000100000000)
  eden space 262144K, 0% used [0x00000000d6000000,0x00000000d6000000,0x00000000e6000000)
  from space 23552K, 100% used [0x00000000e6000000,0x00000000e7700000,0x00000000e7700000)
  to   space 29696K, 0% used [0x00000000f1700000,0x00000000f1700000,0x00000000f3400000)
 ParOldGen       total 86016K, used 34490K [0x0000000082000000, 0x0000000087400000, 0x00000000d6000000)
  object space 86016K, 40% used [0x0000000082000000,0x00000000841aebf8,0x0000000087400000)
 Metaspace       used 11256K, capacity 11478K, committed 11776K, reserved 1060864K
  class space    used 851K, capacity 897K, committed 1024K, reserved 1048576K
}
Event: 33.191 GC heap before
{Heap before GC invocations=10 (full 0):
 PSYoungGen      total 285696K, used 285696K [0x00000000d6000000, 0x00000000f3400000, 0x0000000100000000)
  eden space 262144K, 100% used [0x00000000d6000000,0x00000000e6000000,0x00000000e6000000)
  from space 23552K, 100% used [0x00000000e6000000,0x00000000e7700000,0x00000000e7700000)
  to   space 29696K, 0% used [0x00000000f1700000,0x00000000f1700000,0x00000000f3400000)
 ParOldGen       total 86016K, used 34490K [0x0000000082000000, 0x0000000087400000, 0x00000000d6000000)
  object space 86016K, 40% used [0x0000000082000000,0x00000000841aebf8,0x0000000087400000)
 Metaspace       used 11260K, capacity 11542K, committed 11776K, reserved 1060864K
  class space    used 851K, capacity 897K, committed 1024K, reserved 1048576K
Event: 34.830 GC heap after
Heap after GC invocations=10 (full 0):
 PSYoungGen      total 431616K, used 29696K [0x00000000d6000000, 0x00000000f5700000, 0x0000000100000000)
  eden space 401920K, 0% used [0x00000000d6000000,0x00000000d6000000,0x00000000ee880000)
  from space 29696K, 100% used [0x00000000f1700000,0x00000000f3400000,0x00000000f3400000)
  to   space 47616K, 0% used [0x00000000ee880000,0x00000000ee880000,0x00000000f1700000)
 ParOldGen       total 86016K, used 70490K [0x0000000082000000, 0x0000000087400000, 0x00000000d6000000)
  object space 86016K, 81% used [0x0000000082000000,0x00000000864d6bf8,0x0000000087400000)
 Metaspace       used 11260K, capacity 11542K, committed 11776K, reserved 1060864K
  class space    used 851K, capacity 897K, committed 1024K, reserved 1048576K
}
Event: 34.909 GC heap before
{Heap before GC invocations=11 (full 1):
 PSYoungGen      total 431616K, used 29696K [0x00000000d6000000, 0x00000000f5700000, 0x0000000100000000)
  eden space 401920K, 0% used [0x00000000d6000000,0x00000000d6000000,0x00000000ee880000)
  from space 29696K, 100% used [0x00000000f1700000,0x00000000f3400000,0x00000000f3400000)
  to   space 47616K, 0% used [0x00000000ee880000,0x00000000ee880000,0x00000000f1700000)
 ParOldGen       total 86016K, used 70490K [0x0000000082000000, 0x0000000087400000, 0x00000000d6000000)
  object space 86016K, 81% used [0x0000000082000000,0x00000000864d6bf8,0x0000000087400000)
 Metaspace       used 11260K, capacity 11542K, committed 11776K, reserved 1060864K
  class space    used 851K, capacity 897K, committed 1024K, reserved 1048576K
Event: 37.020 GC heap after
Heap after GC invocations=11 (full 1):
 PSYoungGen      total 431616K, used 0K [0x00000000d6000000, 0x00000000f5700000, 0x0000000100000000)
  eden space 401920K, 0% used [0x00000000d6000000,0x00000000d6000000,0x00000000ee880000)
  from space 29696K, 0% used [0x00000000f1700000,0x00000000f1700000,0x00000000f3400000)
  to   space 47616K, 0% used [0x00000000ee880000,0x00000000ee880000,0x00000000f1700000)
 ParOldGen       total 139264K, used 77285K [0x0000000082000000, 0x000000008a800000, 0x00000000d6000000)
  object space 139264K, 55% used [0x0000000082000000,0x0000000086b796b8,0x000000008a800000)
 Metaspace       used 11260K, capacity 11542K, committed 11776K, reserved 1060864K
  class space    used 851K, capacity 897K, committed 1024K, reserved 1048576K
}
Event: 41.347 GC heap before
{Heap before GC invocations=12 (full 1):
 PSYoungGen      total 431616K, used 401920K [0x00000000d6000000, 0x00000000f5700000, 0x0000000100000000)
  eden space 401920K, 100% used [0x00000000d6000000,0x00000000ee880000,0x00000000ee880000)
  from space 29696K, 0% used [0x00000000f1700000,0x00000000f1700000,0x00000000f3400000)
  to   space 47616K, 0% used [0x00000000ee880000,0x00000000ee880000,0x00000000f1700000)
 ParOldGen       total 139264K, used 77285K [0x0000000082000000, 0x000000008a800000, 0x00000000d6000000)
  object space 139264K, 55% used [0x0000000082000000,0x0000000086b796b8,0x000000008a800000)
 Metaspace       used 11279K, capacity 11548K, committed 11776K, reserved 1060864K
  class space    used 851K, capacity 898K, committed 1024K, reserved 1048576K
Event: 42.168 GC heap after
Heap after GC invocations=12 (full 1):
 PSYoungGen      total 449536K, used 9180K [0x00000000d6000000, 0x0000000100000000, 0x0000000100000000)
  eden space 401920K, 0% used [0x00000000d6000000,0x00000000d6000000,0x00000000ee880000)
  from space 47616K, 19% used [0x00000000ee880000,0x00000000ef177260,0x00000000f1700000)
  to   space 46080K, 0% used [0x00000000fd300000,0x00000000fd300000,0x0000000100000000)
 ParOldGen       total 139264K, used 77293K [0x0000000082000000, 0x000000008a800000, 0x00000000d6000000)
  object space 139264K, 55% used [0x0000000082000000,0x0000000086b7b6b8,0x000000008a800000)
 Metaspace       used 11279K, capacity 11548K, committed 11776K, reserved 1060864K
  class space    used 851K, capacity 898K, committed 1024K, reserved 1048576K
}
Event: 46.768 GC heap before
{Heap before GC invocations=13 (full 1):
 PSYoungGen      total 449536K, used 411100K [0x00000000d6000000, 0x0000000100000000, 0x0000000100000000)
  eden space 401920K, 100% used [0x00000000d6000000,0x00000000ee880000,0x00000000ee880000)
  from space 47616K, 19% used [0x00000000ee880000,0x00000000ef177260,0x00000000f1700000)
  to   space 46080K, 0% used [0x00000000fd300000,0x00000000fd300000,0x0000000100000000)
 ParOldGen       total 139264K, used 77293K [0x0000000082000000, 0x000000008a800000, 0x00000000d6000000)
  object space 139264K, 55% used [0x0000000082000000,0x0000000086b7b6b8,0x000000008a800000)
 Metaspace       used 11406K, capacity 11612K, committed 12032K, reserved 1060864K
  class space    used 851K, capacity 898K, committed 1024K, reserved 1048576K
Event: 47.170 GC heap after
Heap after GC invocations=13 (full 1):
 PSYoungGen      total 633856K, used 5947K [0x00000000d6000000, 0x00000000ffb80000, 0x0000000100000000)
  eden space 592384K, 0% used [0x00000000d6000000,0x00000000d6000000,0x00000000fa280000)
  from space 41472K, 14% used [0x00000000fd300000,0x00000000fd8ced10,0x00000000ffb80000)
  to   space 45568K, 0% used [0x00000000fa280000,0x00000000fa280000,0x00000000fcf00000)
 ParOldGen       total 139264K, used 79999K [0x0000000082000000, 0x000000008a800000, 0x00000000d6000000)
  object space 139264K, 57% used [0x0000000082000000,0x0000000086e1fd60,0x000000008a800000)
 Metaspace       used 11406K, capacity 11612K, committed 12032K, reserved 1060864K
  class space    used 851K, capacity 898K, committed 1024K, reserved 1048576K
}

