# JRE version: Java(TM) SE Runtime Environment (8.0_144-b01) (build 1.8.0_144-b01)
# Java VM: Java HotSpot(TM) 64-Bit Server VM (25.144-b01 mixed mode windows-amd64 compressed oops)
Heap:
 PSYoungGen      total 283648K, used 219045K [0x00000000d6000000, 0x00000000f9e00000, 0x0000000100000000)
  eden space 262144K, 75% used [0x00000000d6000000,0x00000000e20ebd60,0x00000000e6000000)
  from space 21504K, 99% used [0x00000000e6000000,0x00000000e74fd878,0x00000000e7500000)
  to   space 31744K, 0% used [0x00000000f7f00000,0x00000000f7f00000,0x00000000f9e00000)
 ParOldGen       total 86016K, used 46871K [0x0000000082000000, 0x0000000087400000, 0x00000000d6000000)
  object space 86016K, 54% used [0x0000000082000000,0x0000000084dc5c48,0x0000000087400000)
 Metaspace       used 11402K, capacity 11676K, committed 12032K, reserved 1060864K
  class space    used 851K, capacity 898K, committed 1024K, reserved 1048576K
GC Heap History (10 events):
Event: 79.364 GC heap before
{Heap before GC invocations=3 (full 0):
 PSYoungGen      total 70656K, used 70638K [0x00000000d6000000, 0x00000000daa00000, 0x0000000100000000)
  eden space 65536K, 100% used [0x00000000d6000000,0x00000000da000000,0x00000000da000000)
  from space 5120K, 99% used [0x00000000da500000,0x00000000da9fbb38,0x00000000daa00000)
  to   space 5120K, 0% used [0x00000000da000000,0x00000000da000000,0x00000000da500000)
 ParOldGen       total 86016K, used 20183K [0x0000000082000000, 0x0000000087400000, 0x00000000d6000000)
  object space 86016K, 23% used [0x0000000082000000,0x00000000833b5ed8,0x0000000087400000)
 Metaspace       used 9868K, capacity 10092K, committed 10368K, reserved 1058816K
  class space    used 811K, capacity 862K, committed 896K, reserved 1048576K
Event: 84.999 GC heap after
Heap after GC invocations=3 (full 0):
 PSYoungGen      total 70656K, used 5102K [0x00000000d6000000, 0x00000000dea00000, 0x0000000100000000)
  eden space 65536K, 0% used [0x00000000d6000000,0x00000000d6000000,0x00000000da000000)
  from space 5120K, 99% used [0x00000000da000000,0x00000000da4fbb38,0x00000000da500000)
  to   space 5120K, 0% used [0x00000000de500000,0x00000000de500000,0x00000000dea00000)
 ParOldGen       total 86016K, used 22096K [0x0000000082000000, 0x0000000087400000, 0x00000000d6000000)
  object space 86016K, 25% used [0x0000000082000000,0x00000000835942c0,0x0000000087400000)
 Metaspace       used 9868K, capacity 10092K, committed 10368K, reserved 1058816K
  class space    used 811K, capacity 862K, committed 896K, reserved 1048576K
}
Event: 87.351 GC heap before
{Heap before GC invocations=4 (full 0):
 PSYoungGen      total 70656K, used 70638K [0x00000000d6000000, 0x00000000dea00000, 0x0000000100000000)
  eden space 65536K, 100% used [0x00000000d6000000,0x00000000da000000,0x00000000da000000)
  from space 5120K, 99% used [0x00000000da000000,0x00000000da4fbb38,0x00000000da500000)
  to   space 5120K, 0% used [0x00000000de500000,0x00000000de500000,0x00000000dea00000)
 ParOldGen       total 86016K, used 22096K [0x0000000082000000, 0x0000000087400000, 0x00000000d6000000)
  object space 86016K, 25% used [0x0000000082000000,0x00000000835942c0,0x0000000087400000)
 Metaspace       used 10785K, capacity 11018K, committed 11136K, reserved 1058816K
  class space    used 833K, capacity 895K, committed 896K, reserved 1048576K
Event: 87.676 GC heap after
Heap after GC invocations=4 (full 0):
 PSYoungGen      total 136192K, used 5102K [0x00000000d6000000, 0x00000000dea00000, 0x0000000100000000)
  eden space 131072K, 0% used [0x00000000d6000000,0x00000000d6000000,0x00000000de000000)
  from space 5120K, 99% used [0x00000000de500000,0x00000000de9fbb38,0x00000000dea00000)
  to   space 5120K, 0% used [0x00000000de000000,0x00000000de000000,0x00000000de500000)
 ParOldGen       total 86016K, used 22866K [0x0000000082000000, 0x0000000087400000, 0x00000000d6000000)
  object space 86016K, 26% used [0x0000000082000000,0x0000000083654ae0,0x0000000087400000)
 Metaspace       used 10785K, capacity 11018K, committed 11136K, reserved 1058816K
  class space    used 833K, capacity 895K, committed 896K, reserved 1048576K
}
Event: 93.563 GC heap before
{Heap before GC invocations=5 (full 0):
 PSYoungGen      total 136192K, used 136174K [0x00000000d6000000, 0x00000000dea00000, 0x0000000100000000)
  eden space 131072K, 100% used [0x00000000d6000000,0x00000000de000000,0x00000000de000000)
  from space 5120K, 99% used [0x00000000de500000,0x00000000de9fbb38,0x00000000dea00000)
  to   space 5120K, 0% used [0x00000000de000000,0x00000000de000000,0x00000000de500000)
 ParOldGen       total 86016K, used 22866K [0x0000000082000000, 0x0000000087400000, 0x00000000d6000000)
  object space 86016K, 26% used [0x0000000082000000,0x0000000083654ae0,0x0000000087400000)
 Metaspace       used 11197K, capacity 11414K, committed 11776K, reserved 1060864K
  class space    used 850K, capacity 897K, committed 1024K, reserved 1048576K
Event: 95.062 GC heap after
Heap after GC invocations=5 (full 0):
 PSYoungGen      total 136192K, used 5092K [0x00000000d6000000, 0x00000000e8a00000, 0x0000000100000000)
  eden space 131072K, 0% used [0x00000000d6000000,0x00000000d6000000,0x00000000de000000)
  from space 5120K, 99% used [0x00000000de000000,0x00000000de4f93b0,0x00000000de500000)
  to   space 21504K, 0% used [0x00000000e7500000,0x00000000e7500000,0x00000000e8a00000)
 ParOldGen       total 86016K, used 33096K [0x0000000082000000, 0x0000000087400000, 0x00000000d6000000)
  object space 86016K, 38% used [0x0000000082000000,0x0000000084052240,0x0000000087400000)
 Metaspace       used 11197K, capacity 11414K, committed 11776K, reserved 1060864K
  class space    used 850K, capacity 897K, committed 1024K, reserved 1048576K
}
Event: 96.676 GC heap before
{Heap before GC invocations=6 (full 0):
 PSYoungGen      total 136192K, used 136164K [0x00000000d6000000, 0x00000000e8a00000, 0x0000000100000000)
  eden space 131072K, 100% used [0x00000000d6000000,0x00000000de000000,0x00000000de000000)
  from space 5120K, 99% used [0x00000000de000000,0x00000000de4f93b0,0x00000000de500000)
  to   space 21504K, 0% used [0x00000000e7500000,0x00000000e7500000,0x00000000e8a00000)
 ParOldGen       total 86016K, used 33096K [0x0000000082000000, 0x0000000087400000, 0x00000000d6000000)
  object space 86016K, 38% used [0x0000000082000000,0x0000000084052240,0x0000000087400000)
 Metaspace       used 11246K, capacity 11542K, committed 11776K, reserved 1060864K
  class space    used 850K, capacity 897K, committed 1024K, reserved 1048576K
Event: 98.147 GC heap after
Heap after GC invocations=6 (full 0):
 PSYoungGen      total 283648K, used 14276K [0x00000000d6000000, 0x00000000e8a00000, 0x0000000100000000)
  eden space 262144K, 0% used [0x00000000d6000000,0x00000000d6000000,0x00000000e6000000)
  from space 21504K, 66% used [0x00000000e7500000,0x00000000e82f13b0,0x00000000e8a00000)
  to   space 21504K, 0% used [0x00000000e6000000,0x00000000e6000000,0x00000000e7500000)
 ParOldGen       total 86016K, used 33096K [0x0000000082000000, 0x0000000087400000, 0x00000000d6000000)
  object space 86016K, 38% used [0x0000000082000000,0x0000000084052240,0x0000000087400000)
 Metaspace       used 11246K, capacity 11542K, committed 11776K, reserved 1060864K
  class space    used 850K, capacity 897K, committed 1024K, reserved 1048576K
}
Event: 101.592 GC heap before
{Heap before GC invocations=7 (full 0):
 PSYoungGen      total 283648K, used 276420K [0x00000000d6000000, 0x00000000e8a00000, 0x0000000100000000)
  eden space 262144K, 100% used [0x00000000d6000000,0x00000000e6000000,0x00000000e6000000)
  from space 21504K, 66% used [0x00000000e7500000,0x00000000e82f13b0,0x00000000e8a00000)
  to   space 21504K, 0% used [0x00000000e6000000,0x00000000e6000000,0x00000000e7500000)
 ParOldGen       total 86016K, used 33096K [0x0000000082000000, 0x0000000087400000, 0x00000000d6000000)
  object space 86016K, 38% used [0x0000000082000000,0x0000000084052240,0x0000000087400000)
 Metaspace       used 11276K, capacity 11542K, committed 11776K, reserved 1060864K
  class space    used 850K, capacity 897K, committed 1024K, reserved 1048576K
Event: 106.880 GC heap after
Heap after GC invocations=7 (full 0):
 PSYoungGen      total 283648K, used 21494K [0x00000000d6000000, 0x00000000f9e00000, 0x0000000100000000)
  eden space 262144K, 0% used [0x00000000d6000000,0x00000000d6000000,0x00000000e6000000)
  from space 21504K, 99% used [0x00000000e6000000,0x00000000e74fd878,0x00000000e7500000)
  to   space 31744K, 0% used [0x00000000f7f00000,0x00000000f7f00000,0x00000000f9e00000)
 ParOldGen       total 86016K, used 46871K [0x0000000082000000, 0x0000000087400000, 0x00000000d6000000)
  object space 86016K, 54% used [0x0000000082000000,0x0000000084dc5c48,0x0000000087400000)
 Metaspace       used 11276K, capacity 11542K, committed 11776K, reserved 1060864K
  class space    used 850K, capacity 897K, committed 1024K, reserved 1048576K
}

