# JRE version: Java(TM) SE Runtime Environment (8.0_144-b01) (build 1.8.0_144-b01)
# Java VM: Java HotSpot(TM) 64-Bit Server VM (25.144-b01 mixed mode windows-amd64 compressed oops)
Heap:
 PSYoungGen      total 557056K, used 118096K [0x00000000d6000000, 0x0000000100000000, 0x0000000100000000)
  eden space 522240K, 18% used [0x00000000d6000000,0x00000000dbe838c0,0x00000000f5e00000)
  from space 34816K, 61% used [0x00000000f5e00000,0x00000000f72d0958,0x00000000f8000000)
  to   space 35328K, 0% used [0x00000000fdd80000,0x00000000fdd80000,0x0000000100000000)
 ParOldGen       total 86016K, used 58016K [0x0000000082000000, 0x0000000087400000, 0x00000000d6000000)
  object space 86016K, 67% used [0x0000000082000000,0x00000000858a83b0,0x0000000087400000)
 Metaspace       used 11799K, capacity 11996K, committed 12288K, reserved 1060864K
  class space    used 855K, capacity 898K, committed 1024K, reserved 1048576K
GC Heap History (10 events):
Event: 22.269 GC heap before
{Heap before GC invocations=5 (full 0):
 PSYoungGen      total 136192K, used 136166K [0x00000000d6000000, 0x00000000dea00000, 0x0000000100000000)
  eden space 131072K, 100% used [0x00000000d6000000,0x00000000de000000,0x00000000de000000)
  from space 5120K, 99% used [0x00000000de500000,0x00000000de9f9b48,0x00000000dea00000)
  to   space 5120K, 0% used [0x00000000de000000,0x00000000de000000,0x00000000de500000)
 ParOldGen       total 86016K, used 22942K [0x0000000082000000, 0x0000000087400000, 0x00000000d6000000)
  object space 86016K, 26% used [0x0000000082000000,0x0000000083667bb0,0x0000000087400000)
 Metaspace       used 11185K, capacity 11414K, committed 11776K, reserved 1060864K
  class space    used 852K, capacity 897K, committed 1024K, reserved 1048576K
Event: 24.566 GC heap after
Heap after GC invocations=5 (full 0):
 PSYoungGen      total 136192K, used 5100K [0x00000000d6000000, 0x00000000e8700000, 0x0000000100000000)
  eden space 131072K, 0% used [0x00000000d6000000,0x00000000d6000000,0x00000000de000000)
  from space 5120K, 99% used [0x00000000de000000,0x00000000de4fb3d0,0x00000000de500000)
  to   space 19968K, 0% used [0x00000000e7380000,0x00000000e7380000,0x00000000e8700000)
 ParOldGen       total 86016K, used 23976K [0x0000000082000000, 0x0000000087400000, 0x00000000d6000000)
  object space 86016K, 27% used [0x0000000082000000,0x000000008376a340,0x0000000087400000)
 Metaspace       used 11185K, capacity 11414K, committed 11776K, reserved 1060864K
  class space    used 852K, capacity 897K, committed 1024K, reserved 1048576K
}
Event: 26.906 GC heap before
{Heap before GC invocations=6 (full 0):
 PSYoungGen      total 136192K, used 136172K [0x00000000d6000000, 0x00000000e8700000, 0x0000000100000000)
  eden space 131072K, 100% used [0x00000000d6000000,0x00000000de000000,0x00000000de000000)
  from space 5120K, 99% used [0x00000000de000000,0x00000000de4fb3d0,0x00000000de500000)
  to   space 19968K, 0% used [0x00000000e7380000,0x00000000e7380000,0x00000000e8700000)
 ParOldGen       total 86016K, used 23976K [0x0000000082000000, 0x0000000087400000, 0x00000000d6000000)
  object space 86016K, 27% used [0x0000000082000000,0x000000008376a340,0x0000000087400000)
 Metaspace       used 11229K, capacity 11478K, committed 11776K, reserved 1060864K
  class space    used 852K, capacity 897K, committed 1024K, reserved 1048576K
Event: 30.584 GC heap after
Heap after GC invocations=6 (full 0):
 PSYoungGen      total 281088K, used 14300K [0x00000000d6000000, 0x00000000e8900000, 0x0000000100000000)
  eden space 261120K, 0% used [0x00000000d6000000,0x00000000d6000000,0x00000000e5f00000)
  from space 19968K, 71% used [0x00000000e7380000,0x00000000e81773c0,0x00000000e8700000)
  to   space 20992K, 0% used [0x00000000e5f00000,0x00000000e5f00000,0x00000000e7380000)
 ParOldGen       total 86016K, used 23976K [0x0000000082000000, 0x0000000087400000, 0x00000000d6000000)
  object space 86016K, 27% used [0x0000000082000000,0x000000008376a340,0x0000000087400000)
 Metaspace       used 11229K, capacity 11478K, committed 11776K, reserved 1060864K
  class space    used 852K, capacity 897K, committed 1024K, reserved 1048576K
}
Event: 35.493 GC heap before
{Heap before GC invocations=7 (full 0):
 PSYoungGen      total 281088K, used 275420K [0x00000000d6000000, 0x00000000e8900000, 0x0000000100000000)
  eden space 261120K, 100% used [0x00000000d6000000,0x00000000e5f00000,0x00000000e5f00000)
  from space 19968K, 71% used [0x00000000e7380000,0x00000000e81773c0,0x00000000e8700000)
  to   space 20992K, 0% used [0x00000000e5f00000,0x00000000e5f00000,0x00000000e7380000)
 ParOldGen       total 86016K, used 23976K [0x0000000082000000, 0x0000000087400000, 0x00000000d6000000)
  object space 86016K, 27% used [0x0000000082000000,0x000000008376a340,0x0000000087400000)
 Metaspace       used 11266K, capacity 11478K, committed 11776K, reserved 1060864K
  class space    used 852K, capacity 897K, committed 1024K, reserved 1048576K
Event: 36.531 GC heap after
Heap after GC invocations=7 (full 0):
 PSYoungGen      total 282112K, used 20982K [0x00000000d6000000, 0x00000000fa500000, 0x0000000100000000)
  eden space 261120K, 0% used [0x00000000d6000000,0x00000000d6000000,0x00000000e5f00000)
  from space 20992K, 99% used [0x00000000e5f00000,0x00000000e737d878,0x00000000e7380000)
  to   space 36352K, 0% used [0x00000000f8180000,0x00000000f8180000,0x00000000fa500000)
 ParOldGen       total 86016K, used 47375K [0x0000000082000000, 0x0000000087400000, 0x00000000d6000000)
  object space 86016K, 55% used [0x0000000082000000,0x0000000084e43c48,0x0000000087400000)
 Metaspace       used 11266K, capacity 11478K, committed 11776K, reserved 1060864K
  class space    used 852K, capacity 897K, committed 1024K, reserved 1048576K
}
Event: 42.809 GC heap before
{Heap before GC invocations=8 (full 0):
 PSYoungGen      total 282112K, used 282102K [0x00000000d6000000, 0x00000000fa500000, 0x0000000100000000)
  eden space 261120K, 100% used [0x00000000d6000000,0x00000000e5f00000,0x00000000e5f00000)
  from space 20992K, 99% used [0x00000000e5f00000,0x00000000e737d878,0x00000000e7380000)
  to   space 36352K, 0% used [0x00000000f8180000,0x00000000f8180000,0x00000000fa500000)
 ParOldGen       total 86016K, used 47375K [0x0000000082000000, 0x0000000087400000, 0x00000000d6000000)
  object space 86016K, 55% used [0x0000000082000000,0x0000000084e43c48,0x0000000087400000)
 Metaspace       used 11399K, capacity 11612K, committed 12032K, reserved 1060864K
  class space    used 852K, capacity 898K, committed 1024K, reserved 1048576K
Event: 43.850 GC heap after
Heap after GC invocations=8 (full 0):
 PSYoungGen      total 555520K, used 17594K [0x00000000d6000000, 0x00000000fa200000, 0x0000000100000000)
  eden space 522240K, 0% used [0x00000000d6000000,0x00000000d6000000,0x00000000f5e00000)
  from space 33280K, 52% used [0x00000000f8180000,0x00000000f92ae9d0,0x00000000fa200000)
  to   space 34816K, 0% used [0x00000000f5e00000,0x00000000f5e00000,0x00000000f8000000)
 ParOldGen       total 86016K, used 48223K [0x0000000082000000, 0x0000000087400000, 0x00000000d6000000)
  object space 86016K, 56% used [0x0000000082000000,0x0000000084f17d88,0x0000000087400000)
 Metaspace       used 11399K, capacity 11612K, committed 12032K, reserved 1060864K
  class space    used 852K, capacity 898K, committed 1024K, reserved 1048576K
}
Event: 76.943 GC heap before
{Heap before GC invocations=9 (full 0):
 PSYoungGen      total 555520K, used 539834K [0x00000000d6000000, 0x00000000fa200000, 0x0000000100000000)
  eden space 522240K, 100% used [0x00000000d6000000,0x00000000f5e00000,0x00000000f5e00000)
  from space 33280K, 52% used [0x00000000f8180000,0x00000000f92ae9d0,0x00000000fa200000)
  to   space 34816K, 0% used [0x00000000f5e00000,0x00000000f5e00000,0x00000000f8000000)
 ParOldGen       total 86016K, used 48223K [0x0000000082000000, 0x0000000087400000, 0x00000000d6000000)
  object space 86016K, 56% used [0x0000000082000000,0x0000000084f17d88,0x0000000087400000)
 Metaspace       used 11791K, capacity 11996K, committed 12288K, reserved 1060864K
  class space    used 855K, capacity 898K, committed 1024K, reserved 1048576K
Event: 79.593 GC heap after
Heap after GC invocations=9 (full 0):
 PSYoungGen      total 557056K, used 21314K [0x00000000d6000000, 0x0000000100000000, 0x0000000100000000)
  eden space 522240K, 0% used [0x00000000d6000000,0x00000000d6000000,0x00000000f5e00000)
  from space 34816K, 61% used [0x00000000f5e00000,0x00000000f72d0958,0x00000000f8000000)
  to   space 35328K, 0% used [0x00000000fdd80000,0x00000000fdd80000,0x0000000100000000)
 ParOldGen       total 86016K, used 58016K [0x0000000082000000, 0x0000000087400000, 0x00000000d6000000)
  object space 86016K, 67% used [0x0000000082000000,0x00000000858a83b0,0x0000000087400000)
 Metaspace       used 11791K, capacity 11996K, committed 12288K, reserved 1060864K
  class space    used 855K, capacity 898K, committed 1024K, reserved 1048576K
}

