# JRE version: Java(TM) SE Runtime Environment (8.0_144-b01) (build 1.8.0_144-b01)
# Java VM: Java HotSpot(TM) 64-Bit Server VM (25.144-b01 mixed mode windows-amd64 compressed oops)
Heap:
 PSYoungGen      total 547328K, used 67616K [0x00000000d6000000, 0x00000000fc900000, 0x0000000100000000)
  eden space 492032K, 11% used [0x00000000d6000000,0x00000000d997b0e8,0x00000000f4080000)
  from space 55296K, 15% used [0x00000000f4080000,0x00000000f490d0f8,0x00000000f7680000)
  to   space 26112K, 0% used [0x00000000f7680000,0x00000000f7680000,0x00000000f9000000)
 ParOldGen       total 169472K, used 78456K [0x0000000082000000, 0x000000008c580000, 0x00000000d6000000)
  object space 169472K, 46% used [0x0000000082000000,0x0000000086c9e168,0x000000008c580000)
 Metaspace       used 11304K, capacity 11548K, committed 11776K, reserved 1060864K
  class space    used 851K, capacity 898K, committed 1024K, reserved 1048576K
GC Heap History (10 events):
Event: 35.090 GC heap before
{Heap before GC invocations=6 (full 0):
 PSYoungGen      total 136192K, used 136190K [0x00000000d6000000, 0x00000000e8c00000, 0x0000000100000000)
  eden space 131072K, 100% used [0x00000000d6000000,0x00000000de000000,0x00000000de000000)
  from space 5120K, 99% used [0x00000000de000000,0x00000000de4ffa08,0x00000000de500000)
  to   space 22528K, 0% used [0x00000000e7600000,0x00000000e7600000,0x00000000e8c00000)
 ParOldGen       total 86016K, used 33981K [0x0000000082000000, 0x0000000087400000, 0x00000000d6000000)
  object space 86016K, 39% used [0x0000000082000000,0x000000008412f730,0x0000000087400000)
 Metaspace       used 11246K, capacity 11478K, committed 11776K, reserved 1060864K
  class space    used 850K, capacity 897K, committed 1024K, reserved 1048576K
Event: 35.423 GC heap after
Heap after GC invocations=6 (full 0):
 PSYoungGen      total 283136K, used 17502K [0x00000000d6000000, 0x00000000e8f00000, 0x0000000100000000)
  eden space 260608K, 0% used [0x00000000d6000000,0x00000000d6000000,0x00000000e5e80000)
  from space 22528K, 77% used [0x00000000e7600000,0x00000000e8717a08,0x00000000e8c00000)
  to   space 24064K, 0% used [0x00000000e5e80000,0x00000000e5e80000,0x00000000e7600000)
 ParOldGen       total 86016K, used 33981K [0x0000000082000000, 0x0000000087400000, 0x00000000d6000000)
  object space 86016K, 39% used [0x0000000082000000,0x000000008412f730,0x0000000087400000)
 Metaspace       used 11246K, capacity 11478K, committed 11776K, reserved 1060864K
  class space    used 850K, capacity 897K, committed 1024K, reserved 1048576K
}
Event: 44.706 GC heap before
{Heap before GC invocations=7 (full 0):
 PSYoungGen      total 283136K, used 278110K [0x00000000d6000000, 0x00000000e8f00000, 0x0000000100000000)
  eden space 260608K, 100% used [0x00000000d6000000,0x00000000e5e80000,0x00000000e5e80000)
  from space 22528K, 77% used [0x00000000e7600000,0x00000000e8717a08,0x00000000e8c00000)
  to   space 24064K, 0% used [0x00000000e5e80000,0x00000000e5e80000,0x00000000e7600000)
 ParOldGen       total 86016K, used 33981K [0x0000000082000000, 0x0000000087400000, 0x00000000d6000000)
  object space 86016K, 39% used [0x0000000082000000,0x000000008412f730,0x0000000087400000)
 Metaspace       used 11263K, capacity 11478K, committed 11776K, reserved 1060864K
  class space    used 850K, capacity 897K, committed 1024K, reserved 1048576K
Event: 45.725 GC heap after
Heap after GC invocations=7 (full 0):
 PSYoungGen      total 284672K, used 20151K [0x00000000d6000000, 0x00000000f9000000, 0x0000000100000000)
  eden space 260608K, 0% used [0x00000000d6000000,0x00000000d6000000,0x00000000e5e80000)
  from space 24064K, 83% used [0x00000000e5e80000,0x00000000e722dec0,0x00000000e7600000)
  to   space 26112K, 0% used [0x00000000f7680000,0x00000000f7680000,0x00000000f9000000)
 ParOldGen       total 86016K, used 38388K [0x0000000082000000, 0x0000000087400000, 0x00000000d6000000)
  object space 86016K, 44% used [0x0000000082000000,0x000000008457d018,0x0000000087400000)
 Metaspace       used 11263K, capacity 11478K, committed 11776K, reserved 1060864K
  class space    used 850K, capacity 897K, committed 1024K, reserved 1048576K
}
Event: 50.992 GC heap before
{Heap before GC invocations=8 (full 0):
 PSYoungGen      total 284672K, used 280759K [0x00000000d6000000, 0x00000000f9000000, 0x0000000100000000)
  eden space 260608K, 100% used [0x00000000d6000000,0x00000000e5e80000,0x00000000e5e80000)
  from space 24064K, 83% used [0x00000000e5e80000,0x00000000e722dec0,0x00000000e7600000)
  to   space 26112K, 0% used [0x00000000f7680000,0x00000000f7680000,0x00000000f9000000)
 ParOldGen       total 86016K, used 38388K [0x0000000082000000, 0x0000000087400000, 0x00000000d6000000)
  object space 86016K, 44% used [0x0000000082000000,0x000000008457d018,0x0000000087400000)
 Metaspace       used 11278K, capacity 11542K, committed 11776K, reserved 1060864K
  class space    used 850K, capacity 897K, committed 1024K, reserved 1048576K
Event: 53.728 GC heap after
Heap after GC invocations=8 (full 0):
 PSYoungGen      total 518144K, used 26112K [0x00000000d6000000, 0x00000000fc900000, 0x0000000100000000)
  eden space 492032K, 0% used [0x00000000d6000000,0x00000000d6000000,0x00000000f4080000)
  from space 26112K, 100% used [0x00000000f7680000,0x00000000f9000000,0x00000000f9000000)
  to   space 55296K, 0% used [0x00000000f4080000,0x00000000f4080000,0x00000000f7680000)
 ParOldGen       total 97792K, used 96024K [0x0000000082000000, 0x0000000087f80000, 0x00000000d6000000)
  object space 97792K, 98% used [0x0000000082000000,0x0000000087dc6170,0x0000000087f80000)
 Metaspace       used 11278K, capacity 11542K, committed 11776K, reserved 1060864K
  class space    used 850K, capacity 897K, committed 1024K, reserved 1048576K
}
Event: 53.765 GC heap before
{Heap before GC invocations=9 (full 1):
 PSYoungGen      total 518144K, used 26112K [0x00000000d6000000, 0x00000000fc900000, 0x0000000100000000)
  eden space 492032K, 0% used [0x00000000d6000000,0x00000000d6000000,0x00000000f4080000)
  from space 26112K, 100% used [0x00000000f7680000,0x00000000f9000000,0x00000000f9000000)
  to   space 55296K, 0% used [0x00000000f4080000,0x00000000f4080000,0x00000000f7680000)
 ParOldGen       total 97792K, used 96024K [0x0000000082000000, 0x0000000087f80000, 0x00000000d6000000)
  object space 97792K, 98% used [0x0000000082000000,0x0000000087dc6170,0x0000000087f80000)
 Metaspace       used 11278K, capacity 11542K, committed 11776K, reserved 1060864K
  class space    used 850K, capacity 897K, committed 1024K, reserved 1048576K
Event: 97.355 GC heap after
Heap after GC invocations=9 (full 1):
 PSYoungGen      total 518144K, used 0K [0x00000000d6000000, 0x00000000fc900000, 0x0000000100000000)
  eden space 492032K, 0% used [0x00000000d6000000,0x00000000d6000000,0x00000000f4080000)
  from space 26112K, 0% used [0x00000000f7680000,0x00000000f7680000,0x00000000f9000000)
  to   space 55296K, 0% used [0x00000000f4080000,0x00000000f4080000,0x00000000f7680000)
 ParOldGen       total 169472K, used 78448K [0x0000000082000000, 0x000000008c580000, 0x00000000d6000000)
  object space 169472K, 46% used [0x0000000082000000,0x0000000086c9c168,0x000000008c580000)
 Metaspace       used 11278K, capacity 11542K, committed 11776K, reserved 1060864K
  class space    used 850K, capacity 897K, committed 1024K, reserved 1048576K
}
Event: 146.857 GC heap before
{Heap before GC invocations=10 (full 1):
 PSYoungGen      total 518144K, used 492032K [0x00000000d6000000, 0x00000000fc900000, 0x0000000100000000)
  eden space 492032K, 100% used [0x00000000d6000000,0x00000000f4080000,0x00000000f4080000)
  from space 26112K, 0% used [0x00000000f7680000,0x00000000f7680000,0x00000000f9000000)
  to   space 55296K, 0% used [0x00000000f4080000,0x00000000f4080000,0x00000000f7680000)
 ParOldGen       total 169472K, used 78448K [0x0000000082000000, 0x000000008c580000, 0x00000000d6000000)
  object space 169472K, 46% used [0x0000000082000000,0x0000000086c9c168,0x000000008c580000)
 Metaspace       used 11304K, capacity 11548K, committed 11776K, reserved 1060864K
  class space    used 851K, capacity 898K, committed 1024K, reserved 1048576K
Event: 150.416 GC heap after
Heap after GC invocations=10 (full 1):
 PSYoungGen      total 547328K, used 8756K [0x00000000d6000000, 0x00000000fc900000, 0x0000000100000000)
  eden space 492032K, 0% used [0x00000000d6000000,0x00000000d6000000,0x00000000f4080000)
  from space 55296K, 15% used [0x00000000f4080000,0x00000000f490d0f8,0x00000000f7680000)
  to   space 26112K, 0% used [0x00000000f7680000,0x00000000f7680000,0x00000000f9000000)
 ParOldGen       total 169472K, used 78456K [0x0000000082000000, 0x000000008c580000, 0x00000000d6000000)
  object space 169472K, 46% used [0x0000000082000000,0x0000000086c9e168,0x000000008c580000)
 Metaspace       used 11304K, capacity 11548K, committed 11776K, reserved 1060864K
  class space    used 851K, capacity 898K, committed 1024K, reserved 1048576K
}

