# JRE version: Java(TM) SE Runtime Environment (8.0_144-b01) (build 1.8.0_144-b01)
# Java VM: Java HotSpot(TM) 64-Bit Server VM (25.144-b01 mixed mode windows-amd64 compressed oops)
Heap:
 PSYoungGen      total 149504K, used 138650K [0x00000000d6000000, 0x00000000e6200000, 0x0000000100000000)
  eden space 131072K, 91% used [0x00000000d6000000,0x00000000dd5669e8,0x00000000de000000)
  from space 18432K, 100% used [0x00000000de000000,0x00000000df200000,0x00000000df200000)
  to   space 27136K, 0% used [0x00000000e4780000,0x00000000e4780000,0x00000000e6200000)
 ParOldGen       total 86016K, used 40797K [0x0000000082000000, 0x0000000087400000, 0x00000000d6000000)
  object space 86016K, 47% used [0x0000000082000000,0x00000000847d7788,0x0000000087400000)
 Metaspace       used 11289K, capacity 11542K, committed 11776K, reserved 1060864K
  class space    used 852K, capacity 897K, committed 1024K, reserved 1048576K
GC Heap History (10 events):
Event: 41.856 GC heap before
{Heap before GC invocations=5 (full 0):
 PSYoungGen      total 70656K, used 70639K [0x00000000d6000000, 0x00000000daa00000, 0x0000000100000000)
  eden space 65536K, 100% used [0x00000000d6000000,0x00000000da000000,0x00000000da000000)
  from space 5120K, 99% used [0x00000000da500000,0x00000000da9fbe40,0x00000000daa00000)
  to   space 5120K, 0% used [0x00000000da000000,0x00000000da000000,0x00000000da500000)
 ParOldGen       total 86016K, used 22202K [0x0000000082000000, 0x0000000087400000, 0x00000000d6000000)
  object space 86016K, 25% used [0x0000000082000000,0x00000000835aeaa0,0x0000000087400000)
 Metaspace       used 10814K, capacity 11082K, committed 11136K, reserved 1058816K
  class space    used 835K, capacity 895K, committed 896K, reserved 1048576K
Event: 43.150 GC heap after
Heap after GC invocations=5 (full 0):
 PSYoungGen      total 70656K, used 5099K [0x00000000d6000000, 0x00000000e0800000, 0x0000000100000000)
  eden space 65536K, 0% used [0x00000000d6000000,0x00000000d6000000,0x00000000da000000)
  from space 5120K, 99% used [0x00000000da000000,0x00000000da4fae20,0x00000000da500000)
  to   space 20480K, 0% used [0x00000000df400000,0x00000000df400000,0x00000000e0800000)
 ParOldGen       total 86016K, used 22987K [0x0000000082000000, 0x0000000087400000, 0x00000000d6000000)
  object space 86016K, 26% used [0x0000000082000000,0x0000000083672cc8,0x0000000087400000)
 Metaspace       used 10814K, capacity 11082K, committed 11136K, reserved 1058816K
  class space    used 835K, capacity 895K, committed 896K, reserved 1048576K
}
Event: 49.253 GC heap before
{Heap before GC invocations=6 (full 0):
 PSYoungGen      total 70656K, used 70635K [0x00000000d6000000, 0x00000000e0800000, 0x0000000100000000)
  eden space 65536K, 100% used [0x00000000d6000000,0x00000000da000000,0x00000000da000000)
  from space 5120K, 99% used [0x00000000da000000,0x00000000da4fae20,0x00000000da500000)
  to   space 20480K, 0% used [0x00000000df400000,0x00000000df400000,0x00000000e0800000)
 ParOldGen       total 86016K, used 22987K [0x0000000082000000, 0x0000000087400000, 0x00000000d6000000)
  object space 86016K, 26% used [0x0000000082000000,0x0000000083672cc8,0x0000000087400000)
 Metaspace       used 11211K, capacity 11414K, committed 11776K, reserved 1060864K
  class space    used 852K, capacity 897K, committed 1024K, reserved 1048576K
Event: 50.114 GC heap after
Heap after GC invocations=6 (full 0):
 PSYoungGen      total 147456K, used 9628K [0x00000000d6000000, 0x00000000e0400000, 0x0000000100000000)
  eden space 131072K, 0% used [0x00000000d6000000,0x00000000d6000000,0x00000000de000000)
  from space 16384K, 58% used [0x00000000df400000,0x00000000dfd672a8,0x00000000e0400000)
  to   space 18432K, 0% used [0x00000000de000000,0x00000000de000000,0x00000000df200000)
 ParOldGen       total 86016K, used 22995K [0x0000000082000000, 0x0000000087400000, 0x00000000d6000000)
  object space 86016K, 26% used [0x0000000082000000,0x0000000083674cc8,0x0000000087400000)
 Metaspace       used 11211K, capacity 11414K, committed 11776K, reserved 1060864K
  class space    used 852K, capacity 897K, committed 1024K, reserved 1048576K
}
Event: 55.006 GC heap before
{Heap before GC invocations=7 (full 0):
 PSYoungGen      total 147456K, used 140700K [0x00000000d6000000, 0x00000000e0400000, 0x0000000100000000)
  eden space 131072K, 100% used [0x00000000d6000000,0x00000000de000000,0x00000000de000000)
  from space 16384K, 58% used [0x00000000df400000,0x00000000dfd672a8,0x00000000e0400000)
  to   space 18432K, 0% used [0x00000000de000000,0x00000000de000000,0x00000000df200000)
 ParOldGen       total 86016K, used 22995K [0x0000000082000000, 0x0000000087400000, 0x00000000d6000000)
  object space 86016K, 26% used [0x0000000082000000,0x0000000083674cc8,0x0000000087400000)
 Metaspace       used 11258K, capacity 11478K, committed 11776K, reserved 1060864K
  class space    used 852K, capacity 897K, committed 1024K, reserved 1048576K
Event: 56.648 GC heap after
Heap after GC invocations=7 (full 0):
 PSYoungGen      total 149504K, used 9269K [0x00000000d6000000, 0x00000000e0400000, 0x0000000100000000)
  eden space 131072K, 0% used [0x00000000d6000000,0x00000000d6000000,0x00000000de000000)
  from space 18432K, 50% used [0x00000000de000000,0x00000000de90d760,0x00000000df200000)
  to   space 16384K, 0% used [0x00000000df400000,0x00000000df400000,0x00000000e0400000)
 ParOldGen       total 86016K, used 27045K [0x0000000082000000, 0x0000000087400000, 0x00000000d6000000)
  object space 86016K, 31% used [0x0000000082000000,0x0000000083a69718,0x0000000087400000)
 Metaspace       used 11258K, capacity 11478K, committed 11776K, reserved 1060864K
  class space    used 852K, capacity 897K, committed 1024K, reserved 1048576K
}
Event: 58.806 GC heap before
{Heap before GC invocations=8 (full 0):
 PSYoungGen      total 149504K, used 140341K [0x00000000d6000000, 0x00000000e0400000, 0x0000000100000000)
  eden space 131072K, 100% used [0x00000000d6000000,0x00000000de000000,0x00000000de000000)
  from space 18432K, 50% used [0x00000000de000000,0x00000000de90d760,0x00000000df200000)
  to   space 16384K, 0% used [0x00000000df400000,0x00000000df400000,0x00000000e0400000)
 ParOldGen       total 86016K, used 27045K [0x0000000082000000, 0x0000000087400000, 0x00000000d6000000)
  object space 86016K, 31% used [0x0000000082000000,0x0000000083a69718,0x0000000087400000)
 Metaspace       used 11286K, capacity 11542K, committed 11776K, reserved 1060864K
  class space    used 852K, capacity 897K, committed 1024K, reserved 1048576K
Event: 60.304 GC heap after
Heap after GC invocations=8 (full 0):
 PSYoungGen      total 147456K, used 16369K [0x00000000d6000000, 0x00000000e0400000, 0x0000000100000000)
  eden space 131072K, 0% used [0x00000000d6000000,0x00000000d6000000,0x00000000de000000)
  from space 16384K, 99% used [0x00000000df400000,0x00000000e03fc488,0x00000000e0400000)
  to   space 18432K, 0% used [0x00000000de000000,0x00000000de000000,0x00000000df200000)
 ParOldGen       total 86016K, used 28178K [0x0000000082000000, 0x0000000087400000, 0x00000000d6000000)
  object space 86016K, 32% used [0x0000000082000000,0x0000000083b84a10,0x0000000087400000)
 Metaspace       used 11286K, capacity 11542K, committed 11776K, reserved 1060864K
  class space    used 852K, capacity 897K, committed 1024K, reserved 1048576K
}
Event: 61.413 GC heap before
{Heap before GC invocations=9 (full 0):
 PSYoungGen      total 147456K, used 147441K [0x00000000d6000000, 0x00000000e0400000, 0x0000000100000000)
  eden space 131072K, 100% used [0x00000000d6000000,0x00000000de000000,0x00000000de000000)
  from space 16384K, 99% used [0x00000000df400000,0x00000000e03fc488,0x00000000e0400000)
  to   space 18432K, 0% used [0x00000000de000000,0x00000000de000000,0x00000000df200000)
 ParOldGen       total 86016K, used 28178K [0x0000000082000000, 0x0000000087400000, 0x00000000d6000000)
  object space 86016K, 32% used [0x0000000082000000,0x0000000083b84a10,0x0000000087400000)
 Metaspace       used 11288K, capacity 11542K, committed 11776K, reserved 1060864K
  class space    used 852K, capacity 897K, committed 1024K, reserved 1048576K
Event: 62.194 GC heap after
Heap after GC invocations=9 (full 0):
 PSYoungGen      total 149504K, used 18432K [0x00000000d6000000, 0x00000000e6200000, 0x0000000100000000)
  eden space 131072K, 0% used [0x00000000d6000000,0x00000000d6000000,0x00000000de000000)
  from space 18432K, 100% used [0x00000000de000000,0x00000000df200000,0x00000000df200000)
  to   space 27136K, 0% used [0x00000000e4780000,0x00000000e4780000,0x00000000e6200000)
 ParOldGen       total 86016K, used 40797K [0x0000000082000000, 0x0000000087400000, 0x00000000d6000000)
  object space 86016K, 47% used [0x0000000082000000,0x00000000847d7788,0x0000000087400000)
 Metaspace       used 11288K, capacity 11542K, committed 11776K, reserved 1060864K
  class space    used 852K, capacity 897K, committed 1024K, reserved 1048576K
}

