# JRE version: Java(TM) SE Runtime Environment (8.0_144-b01) (build 1.8.0_144-b01)
# Java VM: Java HotSpot(TM) 64-Bit Server VM (25.144-b01 mixed mode windows-amd64 compressed oops)
Heap:
 PSYoungGen      total 627712K, used 511701K [0x00000000d6000000, 0x00000000ffb80000, 0x0000000100000000)
  eden space 578048K, 86% used [0x00000000d6000000,0x00000000f487c7d0,0x00000000f9480000)
  from space 49664K, 23% used [0x00000000fcb00000,0x00000000fd638fc0,0x00000000ffb80000)
  to   space 52736K, 0% used [0x00000000f9480000,0x00000000f9480000,0x00000000fc800000)
 ParOldGen       total 163328K, used 77387K [0x0000000082000000, 0x000000008bf80000, 0x00000000d6000000)
  object space 163328K, 47% used [0x0000000082000000,0x0000000086b92d38,0x000000008bf80000)
 Metaspace       used 11655K, capacity 11868K, committed 12288K, reserved 1060864K
  class space    used 855K, capacity 898K, committed 1024K, reserved 1048576K
GC Heap History (10 events):
Event: 56.098 GC heap before
{Heap before GC invocations=7 (full 0):
 PSYoungGen      total 283648K, used 278223K [0x00000000d6000000, 0x00000000e8e00000, 0x0000000100000000)
  eden space 261120K, 100% used [0x00000000d6000000,0x00000000e5f00000,0x00000000e5f00000)
  from space 22528K, 75% used [0x00000000e7600000,0x00000000e86b3ee8,0x00000000e8c00000)
  to   space 23552K, 0% used [0x00000000e5f00000,0x00000000e5f00000,0x00000000e7600000)
 ParOldGen       total 86016K, used 34367K [0x0000000082000000, 0x0000000087400000, 0x00000000d6000000)
  object space 86016K, 39% used [0x0000000082000000,0x000000008418fc80,0x0000000087400000)
 Metaspace       used 11294K, capacity 11478K, committed 11776K, reserved 1060864K
  class space    used 852K, capacity 897K, committed 1024K, reserved 1048576K
Event: 60.588 GC heap after
Heap after GC invocations=7 (full 0):
 PSYoungGen      total 284672K, used 21965K [0x00000000d6000000, 0x00000000f9200000, 0x0000000100000000)
  eden space 261120K, 0% used [0x00000000d6000000,0x00000000d6000000,0x00000000e5f00000)
  from space 23552K, 93% used [0x00000000e5f00000,0x00000000e7473790,0x00000000e7600000)
  to   space 26624K, 0% used [0x00000000f7800000,0x00000000f7800000,0x00000000f9200000)
 ParOldGen       total 86016K, used 38265K [0x0000000082000000, 0x0000000087400000, 0x00000000d6000000)
  object space 86016K, 44% used [0x0000000082000000,0x000000008455e6d0,0x0000000087400000)
 Metaspace       used 11294K, capacity 11478K, committed 11776K, reserved 1060864K
  class space    used 852K, capacity 897K, committed 1024K, reserved 1048576K
}
Event: 64.365 GC heap before
{Heap before GC invocations=8 (full 0):
 PSYoungGen      total 284672K, used 283085K [0x00000000d6000000, 0x00000000f9200000, 0x0000000100000000)
  eden space 261120K, 100% used [0x00000000d6000000,0x00000000e5f00000,0x00000000e5f00000)
  from space 23552K, 93% used [0x00000000e5f00000,0x00000000e7473790,0x00000000e7600000)
  to   space 26624K, 0% used [0x00000000f7800000,0x00000000f7800000,0x00000000f9200000)
 ParOldGen       total 86016K, used 38265K [0x0000000082000000, 0x0000000087400000, 0x00000000d6000000)
  object space 86016K, 44% used [0x0000000082000000,0x000000008455e6d0,0x0000000087400000)
 Metaspace       used 11308K, capacity 11542K, committed 11776K, reserved 1060864K
  class space    used 852K, capacity 897K, committed 1024K, reserved 1048576K
Event: 67.528 GC heap after
Heap after GC invocations=8 (full 0):
 PSYoungGen      total 519680K, used 26605K [0x00000000d6000000, 0x00000000fcb00000, 0x0000000100000000)
  eden space 493056K, 0% used [0x00000000d6000000,0x00000000d6000000,0x00000000f4180000)
  from space 26624K, 99% used [0x00000000f7800000,0x00000000f91fb790,0x00000000f9200000)
  to   space 55808K, 0% used [0x00000000f4180000,0x00000000f4180000,0x00000000f7800000)
 ParOldGen       total 95744K, used 95544K [0x0000000082000000, 0x0000000087d80000, 0x00000000d6000000)
  object space 95744K, 99% used [0x0000000082000000,0x0000000087d4e2f0,0x0000000087d80000)
 Metaspace       used 11308K, capacity 11542K, committed 11776K, reserved 1060864K
  class space    used 852K, capacity 897K, committed 1024K, reserved 1048576K
}
Event: 67.529 GC heap before
{Heap before GC invocations=9 (full 1):
 PSYoungGen      total 519680K, used 26605K [0x00000000d6000000, 0x00000000fcb00000, 0x0000000100000000)
  eden space 493056K, 0% used [0x00000000d6000000,0x00000000d6000000,0x00000000f4180000)
  from space 26624K, 99% used [0x00000000f7800000,0x00000000f91fb790,0x00000000f9200000)
  to   space 55808K, 0% used [0x00000000f4180000,0x00000000f4180000,0x00000000f7800000)
 ParOldGen       total 95744K, used 95544K [0x0000000082000000, 0x0000000087d80000, 0x00000000d6000000)
  object space 95744K, 99% used [0x0000000082000000,0x0000000087d4e2f0,0x0000000087d80000)
 Metaspace       used 11308K, capacity 11542K, committed 11776K, reserved 1060864K
  class space    used 852K, capacity 897K, committed 1024K, reserved 1048576K
Event: 96.818 GC heap after
Heap after GC invocations=9 (full 1):
 PSYoungGen      total 519680K, used 0K [0x00000000d6000000, 0x00000000fcb00000, 0x0000000100000000)
  eden space 493056K, 0% used [0x00000000d6000000,0x00000000d6000000,0x00000000f4180000)
  from space 26624K, 0% used [0x00000000f7800000,0x00000000f7800000,0x00000000f9200000)
  to   space 55808K, 0% used [0x00000000f4180000,0x00000000f4180000,0x00000000f7800000)
 ParOldGen       total 163328K, used 77371K [0x0000000082000000, 0x000000008bf80000, 0x00000000d6000000)
  object space 163328K, 47% used [0x0000000082000000,0x0000000086b8ed38,0x000000008bf80000)
 Metaspace       used 11308K, capacity 11542K, committed 11776K, reserved 1060864K
  class space    used 852K, capacity 897K, committed 1024K, reserved 1048576K
}
Event: 107.026 GC heap before
{Heap before GC invocations=10 (full 1):
 PSYoungGen      total 519680K, used 493056K [0x00000000d6000000, 0x00000000fcb00000, 0x0000000100000000)
  eden space 493056K, 100% used [0x00000000d6000000,0x00000000f4180000,0x00000000f4180000)
  from space 26624K, 0% used [0x00000000f7800000,0x00000000f7800000,0x00000000f9200000)
  to   space 55808K, 0% used [0x00000000f4180000,0x00000000f4180000,0x00000000f7800000)
 ParOldGen       total 163328K, used 77371K [0x0000000082000000, 0x000000008bf80000, 0x00000000d6000000)
  object space 163328K, 47% used [0x0000000082000000,0x0000000086b8ed38,0x000000008bf80000)
 Metaspace       used 11323K, capacity 11548K, committed 11776K, reserved 1060864K
  class space    used 853K, capacity 898K, committed 1024K, reserved 1048576K
Event: 107.447 GC heap after
Heap after GC invocations=10 (full 1):
 PSYoungGen      total 548864K, used 11394K [0x00000000d6000000, 0x0000000100000000, 0x0000000100000000)
  eden space 493056K, 0% used [0x00000000d6000000,0x00000000d6000000,0x00000000f4180000)
  from space 55808K, 20% used [0x00000000f4180000,0x00000000f4ca0a78,0x00000000f7800000)
  to   space 54272K, 0% used [0x00000000fcb00000,0x00000000fcb00000,0x0000000100000000)
 ParOldGen       total 163328K, used 77379K [0x0000000082000000, 0x000000008bf80000, 0x00000000d6000000)
  object space 163328K, 47% used [0x0000000082000000,0x0000000086b90d38,0x000000008bf80000)
 Metaspace       used 11323K, capacity 11548K, committed 11776K, reserved 1060864K
  class space    used 853K, capacity 898K, committed 1024K, reserved 1048576K
}
Event: 121.327 GC heap before
{Heap before GC invocations=11 (full 1):
 PSYoungGen      total 548864K, used 504450K [0x00000000d6000000, 0x0000000100000000, 0x0000000100000000)
  eden space 493056K, 100% used [0x00000000d6000000,0x00000000f4180000,0x00000000f4180000)
  from space 55808K, 20% used [0x00000000f4180000,0x00000000f4ca0a78,0x00000000f7800000)
  to   space 54272K, 0% used [0x00000000fcb00000,0x00000000fcb00000,0x0000000100000000)
 ParOldGen       total 163328K, used 77379K [0x0000000082000000, 0x000000008bf80000, 0x00000000d6000000)
  object space 163328K, 47% used [0x0000000082000000,0x0000000086b90d38,0x000000008bf80000)
 Metaspace       used 11459K, capacity 11740K, committed 12032K, reserved 1060864K
  class space    used 853K, capacity 898K, committed 1024K, reserved 1048576K
Event: 122.367 GC heap after
Heap after GC invocations=11 (full 1):
 PSYoungGen      total 627712K, used 11491K [0x00000000d6000000, 0x00000000ffb80000, 0x0000000100000000)
  eden space 578048K, 0% used [0x00000000d6000000,0x00000000d6000000,0x00000000f9480000)
  from space 49664K, 23% used [0x00000000fcb00000,0x00000000fd638fc0,0x00000000ffb80000)
  to   space 52736K, 0% used [0x00000000f9480000,0x00000000f9480000,0x00000000fc800000)
 ParOldGen       total 163328K, used 77387K [0x0000000082000000, 0x000000008bf80000, 0x00000000d6000000)
  object space 163328K, 47% used [0x0000000082000000,0x0000000086b92d38,0x000000008bf80000)
 Metaspace       used 11459K, capacity 11740K, committed 12032K, reserved 1060864K
  class space    used 853K, capacity 898K, committed 1024K, reserved 1048576K
}

